  [1m[35m (167.9ms)[0m  [1m[35mCREATE DATABASE "first_routes_development" ENCODING = 'unicode'[0m
  ↳ bin/rails:9
  [1m[35m (95.1ms)[0m  [1m[35mCREATE DATABASE "first_routes_test" ENCODING = 'unicode'[0m
  ↳ bin/rails:9
Started GET "/" for ::1 at 2023-02-05 15:10:47 -0500
Processing by Rails::WelcomeController#index as HTML
  Rendering /Users/umarbin/.rbenv/versions/2.5.1/lib/ruby/gems/2.5.0/gems/railties-5.2.8.1/lib/rails/templates/rails/welcome/index.html.erb
  Rendered /Users/umarbin/.rbenv/versions/2.5.1/lib/ruby/gems/2.5.0/gems/railties-5.2.8.1/lib/rails/templates/rails/welcome/index.html.erb (2.7ms)
Completed 200 OK in 15ms (Views: 8.6ms | ActiveRecord: 0.0ms)


Started GET "/users" for ::1 at 2023-02-05 15:12:30 -0500

AbstractController::ActionNotFound - The action 'index' could not be found for UsersController:

Started GET "/users" for ::1 at 2023-02-05 15:13:55 -0500
Processing by UsersController#index as */*
No template found for UsersController#index, rendering head :no_content
Completed 204 No Content in 115ms (ActiveRecord: 0.0ms)


Started GET "/" for ::1 at 2023-02-05 15:14:22 -0500
Processing by Rails::WelcomeController#index as HTML
  Rendering /Users/umarbin/.rbenv/versions/2.5.1/lib/ruby/gems/2.5.0/gems/railties-5.2.8.1/lib/rails/templates/rails/welcome/index.html.erb
  Rendered /Users/umarbin/.rbenv/versions/2.5.1/lib/ruby/gems/2.5.0/gems/railties-5.2.8.1/lib/rails/templates/rails/welcome/index.html.erb (2.0ms)
Completed 200 OK in 9ms (Views: 5.6ms | ActiveRecord: 0.0ms)


Started GET "/users" for ::1 at 2023-02-05 15:14:23 -0500
Processing by UsersController#index as HTML
Completed 406 Not Acceptable in 86ms (ActiveRecord: 0.0ms)



ActionController::UnknownFormat - UsersController#index is missing a template for this request format and variant.
request.formats: ["text/html"]
request.variant: []
NOTE! For XHR/Ajax or API requests, this action would normally respond with 204 No Content: an empty white screen. Since you're loading it in a web browser, we assume that you expected to actually render a template, not nothing, so we're showing an error to be extra-clear. If you expect 204 No Content, carry on. That's what you'll get from an XHR or API request. Give it a shot.:

Started POST "/__better_errors/bbad3897922de1d5/variables" for ::1 at 2023-02-05 15:14:23 -0500
Started GET "/users" for ::1 at 2023-02-05 15:15:12 -0500
Processing by UsersController#index as */*
  Rendering text template
  Rendered text template (0.0ms)
Completed 200 OK in 23ms (Views: 23.0ms | ActiveRecord: 0.0ms)


Started GET "/users?fav_food=pizza" for ::1 at 2023-02-05 15:16:41 -0500
Processing by UsersController#index as */*
  Parameters: {"fav_food"=>"pizza"}
  Rendering text template
  Rendered text template (0.0ms)
Completed 200 OK in 0ms (Views: 0.3ms | ActiveRecord: 0.0ms)


Started POST "/users" for ::1 at 2023-02-05 15:17:37 -0500

AbstractController::ActionNotFound - The action 'create' could not be found for UsersController:

Started POST "/users" for ::1 at 2023-02-05 15:18:22 -0500
Processing by UsersController#create as */*
  Parameters: {"fav_food"=>"pizza"}
Completed 200 OK in 1ms (Views: 0.3ms | ActiveRecord: 0.0ms)


Started GET "/users/2" for ::1 at 2023-02-05 15:19:26 -0500

AbstractController::ActionNotFound - The action 'show' could not be found for UsersController:

Started GET "/users/2" for ::1 at 2023-02-05 15:19:51 -0500
Processing by UsersController#show as */*
  Parameters: {"id"=>"2"}
Completed 200 OK in 1ms (Views: 0.2ms | ActiveRecord: 0.0ms)


Started GET "/users/2" for ::1 at 2023-02-05 15:22:05 -0500
Processing by UsersController#show as */*
  Parameters: {"some_category"=>{"a_key"=>"another value", "a_second_key"=>"yet another value", "inner_inner_hash"=>{"key"=>"value"}}, "something_else"=>"aaahhhhh", "id"=>"2"}
Completed 200 OK in 0ms (Views: 0.1ms | ActiveRecord: 0.0ms)


Started PATCH "/users/2" for ::1 at 2023-02-05 15:22:30 -0500

AbstractController::ActionNotFound - The action 'update' could not be found for UsersController:

Started GET "/users/2" for ::1 at 2023-02-05 15:22:36 -0500
Processing by UsersController#show as */*
  Parameters: {"some_category"=>{"a_key"=>"another value", "a_second_key"=>"yet another value", "inner_inner_hash"=>{"key"=>"value"}}, "something_else"=>"aaahhhhh", "id"=>"2"}
Completed 200 OK in 0ms (Views: 0.1ms | ActiveRecord: 0.0ms)


Started GET "/users?some_category[a_key]=another+value&some_category[a_second_key]=yet+another+value" for ::1 at 2023-02-05 15:23:01 -0500
Processing by UsersController#index as */*
  Parameters: {"some_category"=>{"a_key"=>"another value", "a_second_key"=>"yet another value"}}
  Rendering text template
  Rendered text template (0.0ms)
Completed 200 OK in 1ms (Views: 0.5ms | ActiveRecord: 0.0ms)


Started GET "/users/2?some_category[a_key]=another+value&some_category[a_second_key]=yet+another+value" for ::1 at 2023-02-05 15:23:18 -0500
Processing by UsersController#show as */*
  Parameters: {"some_category"=>{"a_key"=>"another value", "a_second_key"=>"yet another value"}, "id"=>"2"}
Completed 200 OK in 2ms (Views: 0.2ms | ActiveRecord: 0.0ms)


  [1m[35m (24.2ms)[0m  [1m[35mCREATE TABLE "schema_migrations" ("version" character varying NOT NULL PRIMARY KEY)[0m
  ↳ bin/rails:9
  [1m[35m (1.9ms)[0m  [1m[35mCREATE TABLE "ar_internal_metadata" ("key" character varying NOT NULL PRIMARY KEY, "value" character varying, "created_at" timestamp NOT NULL, "updated_at" timestamp NOT NULL)[0m
  ↳ bin/rails:9
  [1m[35m (0.1ms)[0m  [1m[34mSELECT pg_try_advisory_lock(7974280239715595190)[0m
  ↳ bin/rails:9
  [1m[35m (0.2ms)[0m  [1m[34mSELECT "schema_migrations"."version" FROM "schema_migrations" ORDER BY "schema_migrations"."version" ASC[0m
  ↳ bin/rails:9
Migrating to CreateUsers (20230205202409)
  [1m[35m (0.1ms)[0m  [1m[35mBEGIN[0m
  ↳ bin/rails:9
  [1m[35m (0.1ms)[0m  [1m[31mROLLBACK[0m
  ↳ bin/rails:9
  [1m[35m (0.1ms)[0m  [1m[34mSELECT pg_advisory_unlock(7974280239715595190)[0m
  ↳ bin/rails:9
  [1m[35m (0.1ms)[0m  [1m[34mSELECT pg_try_advisory_lock(7974280239715595190)[0m
  ↳ bin/rails:9
  [1m[35m (0.4ms)[0m  [1m[34mSELECT "schema_migrations"."version" FROM "schema_migrations" ORDER BY "schema_migrations"."version" ASC[0m
  ↳ bin/rails:9
Migrating to CreateUsers (20230205202409)
  [1m[35m (0.1ms)[0m  [1m[35mBEGIN[0m
  ↳ bin/rails:9
  [1m[35m (6.0ms)[0m  [1m[35mCREATE TABLE "users" ("id" bigserial primary key, "name" character varying NOT NULL, "email" character varying NOT NULL, "created_at" timestamp NOT NULL, "updated_at" timestamp NOT NULL)[0m
  ↳ db/migrate/20230205202409_create_users.rb:3
  [1m[36mActiveRecord::SchemaMigration Create (0.4ms)[0m  [1m[32mINSERT INTO "schema_migrations" ("version") VALUES ($1) RETURNING "version"[0m  [["version", "20230205202409"]]
  ↳ bin/rails:9
  [1m[35m (0.4ms)[0m  [1m[35mCOMMIT[0m
  ↳ bin/rails:9
  [1m[36mActiveRecord::InternalMetadata Load (0.9ms)[0m  [1m[34mSELECT  "ar_internal_metadata".* FROM "ar_internal_metadata" WHERE "ar_internal_metadata"."key" = $1 LIMIT $2[0m  [["key", "environment"], ["LIMIT", 1]]
  ↳ bin/rails:9
  [1m[35m (0.1ms)[0m  [1m[35mBEGIN[0m
  ↳ bin/rails:9
  [1m[36mActiveRecord::InternalMetadata Create (0.3ms)[0m  [1m[32mINSERT INTO "ar_internal_metadata" ("key", "value", "created_at", "updated_at") VALUES ($1, $2, $3, $4) RETURNING "key"[0m  [["key", "environment"], ["value", "development"], ["created_at", "2023-02-05 20:25:32.758592"], ["updated_at", "2023-02-05 20:25:32.758592"]]
  ↳ bin/rails:9
  [1m[35m (0.3ms)[0m  [1m[35mCOMMIT[0m
  ↳ bin/rails:9
  [1m[35m (0.1ms)[0m  [1m[34mSELECT pg_advisory_unlock(7974280239715595190)[0m
  ↳ bin/rails:9
  [1m[35m (0.2ms)[0m  [1m[34mSELECT "schema_migrations"."version" FROM "schema_migrations" ORDER BY "schema_migrations"."version" ASC[0m
  ↳ bin/rails:9
  [1m[35m (0.4ms)[0m  [1m[34mSELECT "schema_migrations"."version" FROM "schema_migrations" ORDER BY "schema_migrations"."version" ASC[0m
  ↳ /Users/umarbin/.rbenv/versions/2.5.1/bin/annotate:23
  [1m[35m (0.1ms)[0m  [1m[35mBEGIN[0m
  [1m[36mUser Create (0.7ms)[0m  [1m[32mINSERT INTO "users" ("name", "email", "created_at", "updated_at") VALUES ($1, $2, $3, $4) RETURNING "id"[0m  [["name", "Umarbin Siddiki"], ["email", "usiddiki10282@gmail.com"], ["created_at", "2023-02-05 20:28:19.634013"], ["updated_at", "2023-02-05 20:28:19.634013"]]
  [1m[35m (0.4ms)[0m  [1m[35mCOMMIT[0m
  [1m[35m (0.1ms)[0m  [1m[35mBEGIN[0m
  [1m[36mUser Create (0.3ms)[0m  [1m[32mINSERT INTO "users" ("name", "email", "created_at", "updated_at") VALUES ($1, $2, $3, $4) RETURNING "id"[0m  [["name", "Umarbin Siddiki"], ["email", "usiddiki10282@gmail.com"], ["created_at", "2023-02-05 20:28:19.644022"], ["updated_at", "2023-02-05 20:28:19.644022"]]
  [1m[35m (0.3ms)[0m  [1m[35mCOMMIT[0m
  [1m[36mUser Load (0.4ms)[0m  [1m[34mSELECT "users".* FROM "users"[0m
  [1m[36mUser Load (0.3ms)[0m  [1m[34mSELECT "users".* FROM "users"[0m
  [1m[36mUser Load (0.2ms)[0m  [1m[34mSELECT  "users".* FROM "users" ORDER BY "users"."id" DESC LIMIT $1[0m  [["LIMIT", 1]]
  [1m[35m (0.1ms)[0m  [1m[35mBEGIN[0m
  [1m[36mUser Destroy (0.3ms)[0m  [1m[31mDELETE FROM "users" WHERE "users"."id" = $1[0m  [["id", 2]]
  [1m[35m (0.5ms)[0m  [1m[35mCOMMIT[0m
  [1m[36mUser Load (0.3ms)[0m  [1m[34mSELECT "users".* FROM "users"[0m
  [1m[35m (0.2ms)[0m  [1m[35mBEGIN[0m
  [1m[36mUser Create (0.3ms)[0m  [1m[32mINSERT INTO "users" ("name", "email", "created_at", "updated_at") VALUES ($1, $2, $3, $4) RETURNING "id"[0m  [["name", "Azim Siddiki"], ["email", "asiddiki920@gmail.com"], ["created_at", "2023-02-05 20:29:46.373937"], ["updated_at", "2023-02-05 20:29:46.373937"]]
  [1m[35m (0.5ms)[0m  [1m[35mCOMMIT[0m
  [1m[36mUser Load (0.3ms)[0m  [1m[34mSELECT "users".* FROM "users"[0m
  [1m[35m (0.1ms)[0m  [1m[35mBEGIN[0m
  [1m[35m (0.2ms)[0m  [1m[31mROLLBACK[0m
  [1m[35m (0.1ms)[0m  [1m[35mBEGIN[0m
  [1m[35m (0.2ms)[0m  [1m[31mROLLBACK[0m
  [1m[35m (0.1ms)[0m  [1m[35mBEGIN[0m
  [1m[35m (0.1ms)[0m  [1m[31mROLLBACK[0m
  [1m[35m (0.1ms)[0m  [1m[35mBEGIN[0m
  [1m[36mUser Create (0.3ms)[0m  [1m[32mINSERT INTO "users" ("name", "email", "created_at", "updated_at") VALUES ($1, $2, $3, $4) RETURNING "id"[0m  [["name", "Shahriyar Siddiki"], ["email", "shahriyars1996@gmail.com"], ["created_at", "2023-02-05 20:33:03.348659"], ["updated_at", "2023-02-05 20:33:03.348659"]]
  [1m[35m (0.5ms)[0m  [1m[35mCOMMIT[0m
  [1m[36mUser Load (0.3ms)[0m  [1m[34mSELECT "users".* FROM "users"[0m
Started GET "/users" for ::1 at 2023-02-05 15:34:03 -0500
  [1m[35m (0.4ms)[0m  [1m[34mSELECT "schema_migrations"."version" FROM "schema_migrations" ORDER BY "schema_migrations"."version" ASC[0m
  ↳ /Users/umarbin/.rbenv/versions/2.5.1/lib/ruby/gems/2.5.0/gems/activerecord-5.2.8.1/lib/active_record/log_subscriber.rb:98
Processing by UsersController#index as */*
  [1m[36mUser Load (0.6ms)[0m  [1m[34mSELECT "users".* FROM "users"[0m
  ↳ app/controllers/users_controller.rb:3
Completed 200 OK in 10ms (Views: 4.8ms | ActiveRecord: 3.6ms)


Started POST "/users" for ::1 at 2023-02-05 15:38:27 -0500
Processing by UsersController#create as */*
  Parameters: {"user"=>{"name"=>"Emily Yuan", "email"=>"toemilyy@gmail.com"}}
  [1m[35m (0.1ms)[0m  [1m[35mBEGIN[0m
  ↳ app/controllers/users_controller.rb:8
  [1m[36mUser Create (0.5ms)[0m  [1m[32mINSERT INTO "users" ("name", "email", "created_at", "updated_at") VALUES ($1, $2, $3, $4) RETURNING "id"[0m  [["name", "Emily Yuan"], ["email", "toemilyy@gmail.com"], ["created_at", "2023-02-05 20:38:27.957463"], ["updated_at", "2023-02-05 20:38:27.957463"]]
  ↳ app/controllers/users_controller.rb:8
  [1m[35m (0.3ms)[0m  [1m[35mCOMMIT[0m
  ↳ app/controllers/users_controller.rb:8
Completed 200 OK in 27ms (Views: 0.3ms | ActiveRecord: 3.4ms)


  [1m[36mUser Load (0.3ms)[0m  [1m[34mSELECT "users".* FROM "users"[0m
Started GET "/users" for ::1 at 2023-02-05 15:38:56 -0500
Processing by UsersController#index as */*
  Parameters: {"user"=>{"name"=>"Emily Yuan", "email"=>"toemilyy@gmail.com"}}
  [1m[36mUser Load (0.3ms)[0m  [1m[34mSELECT "users".* FROM "users"[0m
  ↳ app/controllers/users_controller.rb:3
Completed 200 OK in 2ms (Views: 1.1ms | ActiveRecord: 0.3ms)


Started POST "/users" for ::1 at 2023-02-05 15:39:48 -0500
Processing by UsersController#create as */*
  Parameters: {"user"=>{"name"=>"Soiful Alam"}}
  [1m[35m (0.1ms)[0m  [1m[35mBEGIN[0m
  ↳ app/controllers/users_controller.rb:8
  [1m[35m (0.1ms)[0m  [1m[31mROLLBACK[0m
  ↳ app/controllers/users_controller.rb:8
Completed 422 Unprocessable Entity in 25ms (ActiveRecord: 0.3ms)



ActiveRecord::RecordInvalid - Validation failed: Email can't be blank:
  app/controllers/users_controller.rb:8:in `create'

Started POST "/users" for ::1 at 2023-02-05 15:40:32 -0500
Processing by UsersController#create as */*
  Parameters: {"user"=>{"name"=>"Soiful Alam"}}
  [1m[35m (0.1ms)[0m  [1m[35mBEGIN[0m
  ↳ app/controllers/users_controller.rb:8
  [1m[35m (0.2ms)[0m  [1m[31mROLLBACK[0m
  ↳ app/controllers/users_controller.rb:8
Completed 422 Unprocessable Entity in 25ms (Views: 0.2ms | ActiveRecord: 2.7ms)


Started GET "/users/1" for ::1 at 2023-02-05 15:43:11 -0500
Processing by UsersController#show as */*
  Parameters: {"user"=>{"name"=>"Soiful Alam"}, "id"=>"1"}
  [1m[36mUser Load (0.2ms)[0m  [1m[34mSELECT  "users".* FROM "users" WHERE "users"."id" = $1 LIMIT $2[0m  [["id", 1], ["LIMIT", 1]]
  ↳ app/controllers/users_controller.rb:16
Completed 200 OK in 26ms (Views: 0.3ms | ActiveRecord: 2.4ms)


Started GET "/users/3" for ::1 at 2023-02-05 15:43:15 -0500
Processing by UsersController#show as */*
  Parameters: {"user"=>{"name"=>"Soiful Alam"}, "id"=>"3"}
  [1m[36mUser Load (0.3ms)[0m  [1m[34mSELECT  "users".* FROM "users" WHERE "users"."id" = $1 LIMIT $2[0m  [["id", 3], ["LIMIT", 1]]
  ↳ app/controllers/users_controller.rb:16
Completed 200 OK in 1ms (Views: 0.3ms | ActiveRecord: 0.3ms)


Started GET "/users/2" for ::1 at 2023-02-05 15:43:19 -0500
Processing by UsersController#show as */*
  Parameters: {"user"=>{"name"=>"Soiful Alam"}, "id"=>"2"}
  [1m[36mUser Load (0.3ms)[0m  [1m[34mSELECT  "users".* FROM "users" WHERE "users"."id" = $1 LIMIT $2[0m  [["id", 2], ["LIMIT", 1]]
  ↳ app/controllers/users_controller.rb:16
Completed 404 Not Found in 1ms (ActiveRecord: 0.3ms)



ActiveRecord::RecordNotFound - Couldn't find User with 'id'=2:
  app/controllers/users_controller.rb:16:in `show'

Started GET "/users" for ::1 at 2023-02-05 15:46:13 -0500
Processing by UsersController#index as */*
  Parameters: {"user"=>{"name"=>"Soiful Alam"}}
  [1m[36mUser Load (0.2ms)[0m  [1m[34mSELECT "users".* FROM "users"[0m
  ↳ app/controllers/users_controller.rb:3
Completed 200 OK in 30ms (Views: 22.0ms | ActiveRecord: 3.0ms)


Started PATCH "/users/5" for ::1 at 2023-02-05 15:46:53 -0500
Processing by UsersController#update as */*
  Parameters: {"user"=>{"email"=>"toemilyy@yahoo.com"}, "id"=>"5"}
  [1m[36mUser Load (0.2ms)[0m  [1m[34mSELECT  "users".* FROM "users" WHERE "users"."id" = $1 LIMIT $2[0m  [["id", 5], ["LIMIT", 1]]
  ↳ app/controllers/users_controller.rb:25
Completed 500 Internal Server Error in 1ms (ActiveRecord: 0.2ms)



ArgumentError - wrong number of arguments (given 0, expected 1):
  app/controllers/users_controller.rb:26:in `update'

Started PATCH "/users/5" for ::1 at 2023-02-05 15:48:23 -0500
Processing by UsersController#update as */*
  Parameters: {"user"=>{"email"=>"toemilyy@yahoo.com"}, "id"=>"5"}
  [1m[36mUser Load (0.1ms)[0m  [1m[34mSELECT  "users".* FROM "users" WHERE "users"."id" = $1 LIMIT $2[0m  [["id", 5], ["LIMIT", 1]]
  ↳ app/controllers/users_controller.rb:25
  [1m[35m (0.1ms)[0m  [1m[35mBEGIN[0m
  ↳ app/controllers/users_controller.rb:26
  [1m[36mUser Update (0.3ms)[0m  [1m[33mUPDATE "users" SET "email" = $1, "updated_at" = $2 WHERE "users"."id" = $3[0m  [["email", "toemilyy@yahoo.com"], ["updated_at", "2023-02-05 20:48:23.085891"], ["id", 5]]
  ↳ app/controllers/users_controller.rb:26
  [1m[35m (0.3ms)[0m  [1m[35mCOMMIT[0m
  ↳ app/controllers/users_controller.rb:26
Completed 200 OK in 30ms (Views: 0.3ms | ActiveRecord: 2.9ms)


Started GET "/users" for ::1 at 2023-02-05 15:49:54 -0500
Processing by UsersController#index as */*
  Parameters: {"user"=>{"email"=>"toemilyy@yahoo.com"}}
  [1m[36mUser Load (0.3ms)[0m  [1m[34mSELECT "users".* FROM "users"[0m
  ↳ app/controllers/users_controller.rb:3
Completed 200 OK in 2ms (Views: 1.2ms | ActiveRecord: 0.3ms)


Started DELETE "/users/5" for ::1 at 2023-02-05 15:51:49 -0500
Processing by UsersController#destroy as */*
  Parameters: {"user"=>{"email"=>"toemilyy@yahoo.com"}, "id"=>"5"}
  [1m[36mUser Load (0.2ms)[0m  [1m[34mSELECT  "users".* FROM "users" WHERE "users"."id" = $1 LIMIT $2[0m  [["id", 5], ["LIMIT", 1]]
  ↳ app/controllers/users_controller.rb:34
  [1m[35m (0.1ms)[0m  [1m[35mBEGIN[0m
  ↳ app/controllers/users_controller.rb:35
  [1m[36mUser Destroy (0.2ms)[0m  [1m[31mDELETE FROM "users" WHERE "users"."id" = $1[0m  [["id", 5]]
  ↳ app/controllers/users_controller.rb:35
  [1m[35m (0.3ms)[0m  [1m[35mCOMMIT[0m
  ↳ app/controllers/users_controller.rb:35
Completed 500 Internal Server Error in 91ms (ActiveRecord: 3.3ms)



ActionView::MissingTemplate - Missing template users/User with 5 has been destroyed, application/User with 5 has been destroyed with {:locale=>[:en], :formats=>[:html, :text, :js, :css, :ics, :csv, :vcf, :vtt, :png, :jpeg, :gif, :bmp, :tiff, :svg, :mpeg, :mp3, :ogg, :m4a, :webm, :mp4, :otf, :ttf, :woff, :woff2, :xml, :rss, :atom, :yaml, :multipart_form, :url_encoded_form, :json, :pdf, :zip, :gzip], :variants=>[], :handlers=>[:raw, :erb, :html, :builder, :ruby, :coffee, :jbuilder]}. Searched in:
  * "/Users/umarbin/Downloads/first_routes/app/views":
  app/controllers/users_controller.rb:36:in `destroy'

  [1m[36mUser Load (0.4ms)[0m  [1m[34mSELECT "users".* FROM "users"[0m
Started DELETE "/users/4" for ::1 at 2023-02-05 15:52:38 -0500
Processing by UsersController#destroy as */*
  Parameters: {"user"=>{"email"=>"toemilyy@yahoo.com"}, "id"=>"4"}
  [1m[36mUser Load (0.1ms)[0m  [1m[34mSELECT  "users".* FROM "users" WHERE "users"."id" = $1 LIMIT $2[0m  [["id", 4], ["LIMIT", 1]]
  ↳ app/controllers/users_controller.rb:34
  [1m[35m (0.1ms)[0m  [1m[35mBEGIN[0m
  ↳ app/controllers/users_controller.rb:35
  [1m[36mUser Destroy (0.3ms)[0m  [1m[31mDELETE FROM "users" WHERE "users"."id" = $1[0m  [["id", 4]]
  ↳ app/controllers/users_controller.rb:35
  [1m[35m (0.3ms)[0m  [1m[35mCOMMIT[0m
  ↳ app/controllers/users_controller.rb:35
  Rendering text template
  Rendered text template (0.0ms)
Completed 200 OK in 29ms (Views: 0.4ms | ActiveRecord: 4.1ms)


Started GET "/users" for ::1 at 2023-02-05 16:00:31 -0500
Processing by UsersController#index as */*
  Parameters: {"user"=>{"email"=>"toemilyy@yahoo.com"}}
  [1m[36mUser Load (0.5ms)[0m  [1m[34mSELECT "users".* FROM "users"[0m
  ↳ app/controllers/users_controller.rb:3
Completed 200 OK in 35ms (Views: 25.2ms | ActiveRecord: 8.0ms)


Started DELETE "/users/3" for ::1 at 2023-02-05 16:00:39 -0500
Processing by UsersController#destroy as */*
  Parameters: {"user"=>{"email"=>"toemilyy@yahoo.com"}, "id"=>"3"}
  [1m[36mUser Load (0.3ms)[0m  [1m[34mSELECT  "users".* FROM "users" WHERE "users"."id" = $1 LIMIT $2[0m  [["id", 3], ["LIMIT", 1]]
  ↳ app/controllers/users_controller.rb:34
  [1m[35m (0.1ms)[0m  [1m[35mBEGIN[0m
  ↳ app/controllers/users_controller.rb:35
  [1m[36mUser Destroy (0.5ms)[0m  [1m[31mDELETE FROM "users" WHERE "users"."id" = $1[0m  [["id", 3]]
  ↳ app/controllers/users_controller.rb:35
  [1m[35m (0.7ms)[0m  [1m[35mCOMMIT[0m
  ↳ app/controllers/users_controller.rb:35
Completed 200 OK in 24ms (Views: 0.3ms | ActiveRecord: 1.8ms)


  [1m[35m (0.2ms)[0m  [1m[34mSELECT pg_try_advisory_lock(7974280239715595190)[0m
  ↳ bin/rails:9
  [1m[35m (0.6ms)[0m  [1m[34mSELECT "schema_migrations"."version" FROM "schema_migrations" ORDER BY "schema_migrations"."version" ASC[0m
  ↳ bin/rails:9
Migrating to RemoveColumnFromUsers (20230205213742)
  [1m[35m (0.1ms)[0m  [1m[35mBEGIN[0m
  ↳ bin/rails:9
  [1m[35m (4.6ms)[0m  [1m[35mALTER TABLE "users" DROP COLUMN "email"[0m
  ↳ db/migrate/20230205213742_remove_column_from_users.rb:3
  [1m[35m (0.6ms)[0m  [1m[35mALTER TABLE "users" RENAME COLUMN "name" TO "username"[0m
  ↳ db/migrate/20230205213742_remove_column_from_users.rb:4
  [1m[36mActiveRecord::SchemaMigration Create (0.3ms)[0m  [1m[32mINSERT INTO "schema_migrations" ("version") VALUES ($1) RETURNING "version"[0m  [["version", "20230205213742"]]
  ↳ bin/rails:9
  [1m[35m (1.0ms)[0m  [1m[35mCOMMIT[0m
  ↳ bin/rails:9
  [1m[36mActiveRecord::InternalMetadata Load (0.9ms)[0m  [1m[34mSELECT  "ar_internal_metadata".* FROM "ar_internal_metadata" WHERE "ar_internal_metadata"."key" = $1 LIMIT $2[0m  [["key", "environment"], ["LIMIT", 1]]
  ↳ bin/rails:9
  [1m[35m (0.2ms)[0m  [1m[35mBEGIN[0m
  ↳ bin/rails:9
  [1m[35m (0.1ms)[0m  [1m[35mCOMMIT[0m
  ↳ bin/rails:9
  [1m[35m (0.2ms)[0m  [1m[34mSELECT pg_advisory_unlock(7974280239715595190)[0m
  ↳ bin/rails:9
  [1m[35m (0.2ms)[0m  [1m[34mSELECT "schema_migrations"."version" FROM "schema_migrations" ORDER BY "schema_migrations"."version" ASC[0m
  ↳ bin/rails:9
  [1m[36mUser Load (0.6ms)[0m  [1m[34mSELECT "users".* FROM "users"[0m
  [1m[35m (0.2ms)[0m  [1m[34mSELECT pg_try_advisory_lock(7974280239715595190)[0m
  ↳ bin/rails:9
  [1m[35m (0.6ms)[0m  [1m[34mSELECT "schema_migrations"."version" FROM "schema_migrations" ORDER BY "schema_migrations"."version" ASC[0m
  ↳ bin/rails:9
Migrating to AddIndex (20230205213946)
  [1m[35m (0.1ms)[0m  [1m[35mBEGIN[0m
  ↳ bin/rails:9
  [1m[35m (2.2ms)[0m  [1m[35mCREATE UNIQUE INDEX  "index_users_on_username" ON "users"  ("username")[0m
  ↳ db/migrate/20230205213946_add_index.rb:3
  [1m[36mActiveRecord::SchemaMigration Create (0.4ms)[0m  [1m[32mINSERT INTO "schema_migrations" ("version") VALUES ($1) RETURNING "version"[0m  [["version", "20230205213946"]]
  ↳ bin/rails:9
  [1m[35m (0.5ms)[0m  [1m[35mCOMMIT[0m
  ↳ bin/rails:9
  [1m[36mActiveRecord::InternalMetadata Load (0.5ms)[0m  [1m[34mSELECT  "ar_internal_metadata".* FROM "ar_internal_metadata" WHERE "ar_internal_metadata"."key" = $1 LIMIT $2[0m  [["key", "environment"], ["LIMIT", 1]]
  ↳ bin/rails:9
  [1m[35m (0.1ms)[0m  [1m[35mBEGIN[0m
  ↳ bin/rails:9
  [1m[35m (0.1ms)[0m  [1m[35mCOMMIT[0m
  ↳ bin/rails:9
  [1m[35m (0.2ms)[0m  [1m[34mSELECT pg_advisory_unlock(7974280239715595190)[0m
  ↳ bin/rails:9
  [1m[35m (0.2ms)[0m  [1m[34mSELECT "schema_migrations"."version" FROM "schema_migrations" ORDER BY "schema_migrations"."version" ASC[0m
  ↳ bin/rails:9
  [1m[35m (0.2ms)[0m  [1m[34mSELECT pg_try_advisory_lock(7974280239715595190)[0m
  ↳ bin/rails:9
  [1m[35m (0.6ms)[0m  [1m[34mSELECT "schema_migrations"."version" FROM "schema_migrations" ORDER BY "schema_migrations"."version" ASC[0m
  ↳ bin/rails:9
Migrating to CreateArtworks (20230205214306)
  [1m[35m (0.1ms)[0m  [1m[35mBEGIN[0m
  ↳ bin/rails:9
  [1m[35m (5.8ms)[0m  [1m[35mCREATE TABLE "artworks" ("id" bigserial primary key, "title" character varying NOT NULL, "image_url" character varying NOT NULL, "artist_id" integer NOT NULL, "created_at" timestamp NOT NULL, "updated_at" timestamp NOT NULL)[0m
  ↳ db/migrate/20230205214306_create_artworks.rb:3
  [1m[35m (1.0ms)[0m  [1m[35mCREATE  INDEX  "index_artworks_on_artist_id" ON "artworks"  ("artist_id")[0m
  ↳ db/migrate/20230205214306_create_artworks.rb:11
  [1m[35m (1.1ms)[0m  [1m[35mCREATE UNIQUE INDEX  "index_artworks_on_image_url" ON "artworks"  ("image_url")[0m
  ↳ db/migrate/20230205214306_create_artworks.rb:12
  [1m[35m (1.1ms)[0m  [1m[35mCREATE UNIQUE INDEX  "index_artworks_on_title_and_artist_id" ON "artworks"  ("title", "artist_id")[0m
  ↳ db/migrate/20230205214306_create_artworks.rb:13
  [1m[36mActiveRecord::SchemaMigration Create (0.4ms)[0m  [1m[32mINSERT INTO "schema_migrations" ("version") VALUES ($1) RETURNING "version"[0m  [["version", "20230205214306"]]
  ↳ bin/rails:9
  [1m[35m (0.5ms)[0m  [1m[35mCOMMIT[0m
  ↳ bin/rails:9
  [1m[36mActiveRecord::InternalMetadata Load (0.4ms)[0m  [1m[34mSELECT  "ar_internal_metadata".* FROM "ar_internal_metadata" WHERE "ar_internal_metadata"."key" = $1 LIMIT $2[0m  [["key", "environment"], ["LIMIT", 1]]
  ↳ bin/rails:9
  [1m[35m (0.1ms)[0m  [1m[35mBEGIN[0m
  ↳ bin/rails:9
  [1m[35m (0.1ms)[0m  [1m[35mCOMMIT[0m
  ↳ bin/rails:9
  [1m[35m (0.2ms)[0m  [1m[34mSELECT pg_advisory_unlock(7974280239715595190)[0m
  ↳ bin/rails:9
  [1m[35m (0.2ms)[0m  [1m[34mSELECT "schema_migrations"."version" FROM "schema_migrations" ORDER BY "schema_migrations"."version" ASC[0m
  ↳ bin/rails:9
  [1m[35m (0.6ms)[0m  [1m[34mSELECT "schema_migrations"."version" FROM "schema_migrations" ORDER BY "schema_migrations"."version" ASC[0m
  ↳ /Users/umarbin/.rbenv/versions/2.5.1/bin/annotate:23
  [1m[36mUser Load (0.7ms)[0m  [1m[34mSELECT "users".* FROM "users"[0m
  [1m[36mUser Load (0.3ms)[0m  [1m[34mSELECT  "users".* FROM "users" ORDER BY "users"."id" ASC LIMIT $1[0m  [["LIMIT", 1]]
  [1m[35m (0.1ms)[0m  [1m[35mBEGIN[0m
  [1m[36mUser Exists (0.5ms)[0m  [1m[34mSELECT  1 AS one FROM "users" WHERE "users"."username" = $1 AND "users"."id" != $2 LIMIT $3[0m  [["username", "usiddiki"], ["id", 1], ["LIMIT", 1]]
  [1m[36mUser Update (0.5ms)[0m  [1m[33mUPDATE "users" SET "username" = $1, "updated_at" = $2 WHERE "users"."id" = $3[0m  [["username", "usiddiki"], ["updated_at", "2023-02-05 21:58:42.782626"], ["id", 1]]
  [1m[35m (0.4ms)[0m  [1m[35mCOMMIT[0m
  [1m[36mUser Load (0.4ms)[0m  [1m[34mSELECT "users".* FROM "users"[0m
  [1m[36mArtwork Load (0.8ms)[0m  [1m[34mSELECT "artworks".* FROM "artworks"[0m
  [1m[36mUser Load (0.3ms)[0m  [1m[34mSELECT  "users".* FROM "users" ORDER BY "users"."id" ASC LIMIT $1[0m  [["LIMIT", 1]]
  [1m[35m (0.1ms)[0m  [1m[35mBEGIN[0m
  [1m[36mArtwork Exists (0.3ms)[0m  [1m[34mSELECT  1 AS one FROM "artworks" WHERE "artworks"."image_url" = $1 LIMIT $2[0m  [["image_url", "www.google.com/monalisa"], ["LIMIT", 1]]
  [1m[36mArtwork Exists (0.8ms)[0m  [1m[34mSELECT  1 AS one FROM "artworks" WHERE "artworks"."title" = $1 AND "artworks"."artist_id" = $2 LIMIT $3[0m  [["title", "Mona Lisa"], ["artist_id", 1], ["LIMIT", 1]]
  [1m[36mUser Load (0.3ms)[0m  [1m[34mSELECT  "users".* FROM "users" WHERE "users"."id" = $1 LIMIT $2[0m  [["id", 1], ["LIMIT", 1]]
  [1m[36mArtwork Create (0.8ms)[0m  [1m[32mINSERT INTO "artworks" ("title", "image_url", "artist_id", "created_at", "updated_at") VALUES ($1, $2, $3, $4, $5) RETURNING "id"[0m  [["title", "Mona Lisa"], ["image_url", "www.google.com/monalisa"], ["artist_id", 1], ["created_at", "2023-02-05 22:00:38.291094"], ["updated_at", "2023-02-05 22:00:38.291094"]]
  [1m[35m (0.3ms)[0m  [1m[35mCOMMIT[0m
  [1m[36mArtwork Load (0.4ms)[0m  [1m[34mSELECT "artworks".* FROM "artworks"[0m
  [1m[36mUser Load (0.3ms)[0m  [1m[34mSELECT  "users".* FROM "users" ORDER BY "users"."id" ASC LIMIT $1[0m  [["LIMIT", 1]]
  [1m[36mArtwork Load (0.3ms)[0m  [1m[34mSELECT "artworks".* FROM "artworks" WHERE "artworks"."artist_id" = $1[0m  [["artist_id", 1]]
  [1m[36mArtwork Load (0.3ms)[0m  [1m[34mSELECT  "artworks".* FROM "artworks" ORDER BY "artworks"."id" ASC LIMIT $1[0m  [["LIMIT", 1]]
  [1m[36mArtwork Load (0.4ms)[0m  [1m[34mSELECT  "artworks".* FROM "artworks" ORDER BY "artworks"."id" ASC LIMIT $1[0m  [["LIMIT", 1]]
  [1m[36mUser Load (0.2ms)[0m  [1m[34mSELECT  "users".* FROM "users" WHERE "users"."id" = $1 LIMIT $2[0m  [["id", 1], ["LIMIT", 1]]
  [1m[35m (0.2ms)[0m  [1m[34mSELECT pg_try_advisory_lock(7974280239715595190)[0m
  ↳ bin/rails:9
  [1m[35m (0.6ms)[0m  [1m[34mSELECT "schema_migrations"."version" FROM "schema_migrations" ORDER BY "schema_migrations"."version" ASC[0m
  ↳ bin/rails:9
Migrating to CreateArtworkShares (20230205220221)
  [1m[35m (0.1ms)[0m  [1m[35mBEGIN[0m
  ↳ bin/rails:9
  [1m[35m (3.9ms)[0m  [1m[35mCREATE TABLE "artwork_shares" ("id" bigserial primary key, "artwork_id" integer NOT NULL, "viewer_id" integer NOT NULL, "created_at" timestamp NOT NULL, "updated_at" timestamp NOT NULL)[0m
  ↳ db/migrate/20230205220221_create_artwork_shares.rb:3
  [1m[35m (1.0ms)[0m  [1m[35mCREATE  INDEX  "index_artwork_shares_on_artwork_id" ON "artwork_shares"  ("artwork_id")[0m
  ↳ db/migrate/20230205220221_create_artwork_shares.rb:10
  [1m[35m (1.1ms)[0m  [1m[35mCREATE  INDEX  "index_artwork_shares_on_viewer_id" ON "artwork_shares"  ("viewer_id")[0m
  ↳ db/migrate/20230205220221_create_artwork_shares.rb:11
  [1m[35m (1.1ms)[0m  [1m[35mCREATE UNIQUE INDEX  "index_artwork_shares_on_artwork_id_and_viewer_id" ON "artwork_shares"  ("artwork_id", "viewer_id")[0m
  ↳ db/migrate/20230205220221_create_artwork_shares.rb:12
  [1m[36mActiveRecord::SchemaMigration Create (0.3ms)[0m  [1m[32mINSERT INTO "schema_migrations" ("version") VALUES ($1) RETURNING "version"[0m  [["version", "20230205220221"]]
  ↳ bin/rails:9
  [1m[35m (0.4ms)[0m  [1m[35mCOMMIT[0m
  ↳ bin/rails:9
  [1m[36mActiveRecord::InternalMetadata Load (0.5ms)[0m  [1m[34mSELECT  "ar_internal_metadata".* FROM "ar_internal_metadata" WHERE "ar_internal_metadata"."key" = $1 LIMIT $2[0m  [["key", "environment"], ["LIMIT", 1]]
  ↳ bin/rails:9
  [1m[35m (0.1ms)[0m  [1m[35mBEGIN[0m
  ↳ bin/rails:9
  [1m[35m (0.1ms)[0m  [1m[35mCOMMIT[0m
  ↳ bin/rails:9
  [1m[35m (0.2ms)[0m  [1m[34mSELECT pg_advisory_unlock(7974280239715595190)[0m
  ↳ bin/rails:9
  [1m[35m (0.2ms)[0m  [1m[34mSELECT "schema_migrations"."version" FROM "schema_migrations" ORDER BY "schema_migrations"."version" ASC[0m
  ↳ bin/rails:9
  [1m[35m (0.6ms)[0m  [1m[34mSELECT "schema_migrations"."version" FROM "schema_migrations" ORDER BY "schema_migrations"."version" ASC[0m
  ↳ /Users/umarbin/.rbenv/versions/2.5.1/bin/annotate:23
  [1m[36mUser Load (0.6ms)[0m  [1m[34mSELECT  "users".* FROM "users" ORDER BY "users"."id" ASC LIMIT $1[0m  [["LIMIT", 1]]
  [1m[36mUser Load (0.3ms)[0m  [1m[34mSELECT  "users".* FROM "users" ORDER BY "users"."id" ASC LIMIT $1[0m  [["LIMIT", 1]]
  [1m[36mArtwork Load (0.7ms)[0m  [1m[34mSELECT "artworks".* FROM "artworks" WHERE "artworks"."artist_id" = $1[0m  [["artist_id", 1]]
  [1m[36mArtwork Load (0.3ms)[0m  [1m[34mSELECT  "artworks".* FROM "artworks" ORDER BY "artworks"."id" ASC LIMIT $1[0m  [["LIMIT", 1]]
  [1m[36mUser Load (0.2ms)[0m  [1m[34mSELECT  "users".* FROM "users" WHERE "users"."id" = $1 LIMIT $2[0m  [["id", 1], ["LIMIT", 1]]
  [1m[35m (0.6ms)[0m  [1m[34mSELECT "schema_migrations"."version" FROM "schema_migrations" ORDER BY "schema_migrations"."version" ASC[0m
  ↳ bin/rails:9
  [1m[36mUser Load (0.5ms)[0m  [1m[34mSELECT "users".* FROM "users"[0m
  ↳ db/seeds.rb:9
  [1m[35m (0.1ms)[0m  [1m[35mBEGIN[0m
  ↳ db/seeds.rb:9
  [1m[36mUser Destroy (0.3ms)[0m  [1m[31mDELETE FROM "users" WHERE "users"."id" = $1[0m  [["id", 1]]
  ↳ db/seeds.rb:9
  [1m[35m (0.9ms)[0m  [1m[35mCOMMIT[0m
  ↳ db/seeds.rb:9
  [1m[35m (0.6ms)[0m  [1m[34mSELECT "schema_migrations"."version" FROM "schema_migrations" ORDER BY "schema_migrations"."version" ASC[0m
  ↳ bin/rails:9
  [1m[36mUser Load (0.5ms)[0m  [1m[34mSELECT "users".* FROM "users"[0m
  ↳ db/seeds.rb:9
  [1m[36mArtwork Load (0.6ms)[0m  [1m[34mSELECT "artworks".* FROM "artworks"[0m
  ↳ db/seeds.rb:10
  [1m[35m (0.1ms)[0m  [1m[35mBEGIN[0m
  ↳ db/seeds.rb:10
  [1m[36mArtwork Destroy (0.3ms)[0m  [1m[31mDELETE FROM "artworks" WHERE "artworks"."id" = $1[0m  [["id", 1]]
  ↳ db/seeds.rb:10
  [1m[35m (0.8ms)[0m  [1m[35mCOMMIT[0m
  ↳ db/seeds.rb:10
  [1m[35m (0.6ms)[0m  [1m[34mSELECT "schema_migrations"."version" FROM "schema_migrations" ORDER BY "schema_migrations"."version" ASC[0m
  ↳ bin/rails:9
  [1m[36mUser Load (0.5ms)[0m  [1m[34mSELECT "users".* FROM "users"[0m
  ↳ db/seeds.rb:9
  [1m[36mArtwork Load (0.6ms)[0m  [1m[34mSELECT "artworks".* FROM "artworks"[0m
  ↳ db/seeds.rb:10
  [1m[35m (0.6ms)[0m  [1m[34mSELECT "schema_migrations"."version" FROM "schema_migrations" ORDER BY "schema_migrations"."version" ASC[0m
  ↳ bin/rails:9
  [1m[36mUser Load (0.5ms)[0m  [1m[34mSELECT "users".* FROM "users"[0m
  ↳ db/seeds.rb:9
  [1m[36mArtwork Load (0.5ms)[0m  [1m[34mSELECT "artworks".* FROM "artworks"[0m
  ↳ db/seeds.rb:10
  [1m[35m (0.6ms)[0m  [1m[34mSELECT "schema_migrations"."version" FROM "schema_migrations" ORDER BY "schema_migrations"."version" ASC[0m
  ↳ bin/rails:9
  [1m[36mUser Load (0.5ms)[0m  [1m[34mSELECT "users".* FROM "users"[0m
  ↳ db/seeds.rb:9
  [1m[36mArtwork Load (0.5ms)[0m  [1m[34mSELECT "artworks".* FROM "artworks"[0m
  ↳ db/seeds.rb:10
  [1m[36mArtworkShare Load (0.7ms)[0m  [1m[34mSELECT "artwork_shares".* FROM "artwork_shares"[0m
  ↳ db/seeds.rb:11
  [1m[35m (0.1ms)[0m  [1m[35mBEGIN[0m
  ↳ db/seeds.rb:13
  [1m[36mUser Exists (0.3ms)[0m  [1m[34mSELECT  1 AS one FROM "users" WHERE "users"."username" = $1 LIMIT $2[0m  [["username", "usiddiki"], ["LIMIT", 1]]
  ↳ db/seeds.rb:13
  [1m[36mUser Create (0.5ms)[0m  [1m[32mINSERT INTO "users" ("username", "created_at", "updated_at") VALUES ($1, $2, $3) RETURNING "id"[0m  [["username", "usiddiki"], ["created_at", "2023-02-06 01:01:33.042893"], ["updated_at", "2023-02-06 01:01:33.042893"]]
  ↳ db/seeds.rb:13
  [1m[35m (0.8ms)[0m  [1m[35mCOMMIT[0m
  ↳ db/seeds.rb:13
  [1m[35m (0.1ms)[0m  [1m[35mBEGIN[0m
  ↳ db/seeds.rb:14
  [1m[36mUser Exists (0.3ms)[0m  [1m[34mSELECT  1 AS one FROM "users" WHERE "users"."username" = $1 LIMIT $2[0m  [["username", "emilyy"], ["LIMIT", 1]]
  ↳ db/seeds.rb:14
  [1m[36mUser Create (0.2ms)[0m  [1m[32mINSERT INTO "users" ("username", "created_at", "updated_at") VALUES ($1, $2, $3) RETURNING "id"[0m  [["username", "emilyy"], ["created_at", "2023-02-06 01:01:33.046804"], ["updated_at", "2023-02-06 01:01:33.046804"]]
  ↳ db/seeds.rb:14
  [1m[35m (0.4ms)[0m  [1m[35mCOMMIT[0m
  ↳ db/seeds.rb:14
  [1m[35m (0.1ms)[0m  [1m[35mBEGIN[0m
  ↳ db/seeds.rb:16
  [1m[36mArtwork Exists (0.2ms)[0m  [1m[34mSELECT  1 AS one FROM "artworks" WHERE "artworks"."image_url" = $1 LIMIT $2[0m  [["image_url", "google.com/monalisa"], ["LIMIT", 1]]
  ↳ db/seeds.rb:16
  [1m[36mArtwork Exists (0.2ms)[0m  [1m[34mSELECT  1 AS one FROM "artworks" WHERE "artworks"."title" = $1 AND "artworks"."artist_id" = $2 LIMIT $3[0m  [["title", "Mona Lisa"], ["artist_id", 6], ["LIMIT", 1]]
  ↳ db/seeds.rb:16
  [1m[36mUser Load (0.2ms)[0m  [1m[34mSELECT  "users".* FROM "users" WHERE "users"."id" = $1 LIMIT $2[0m  [["id", 6], ["LIMIT", 1]]
  ↳ db/seeds.rb:16
  [1m[36mArtwork Create (0.4ms)[0m  [1m[32mINSERT INTO "artworks" ("title", "image_url", "artist_id", "created_at", "updated_at") VALUES ($1, $2, $3, $4, $5) RETURNING "id"[0m  [["title", "Mona Lisa"], ["image_url", "google.com/monalisa"], ["artist_id", 6], ["created_at", "2023-02-06 01:01:33.069391"], ["updated_at", "2023-02-06 01:01:33.069391"]]
  ↳ db/seeds.rb:16
  [1m[35m (0.4ms)[0m  [1m[35mCOMMIT[0m
  ↳ db/seeds.rb:16
  [1m[35m (0.1ms)[0m  [1m[35mBEGIN[0m
  ↳ db/seeds.rb:17
  [1m[36mArtwork Exists (0.2ms)[0m  [1m[34mSELECT  1 AS one FROM "artworks" WHERE "artworks"."image_url" = $1 LIMIT $2[0m  [["image_url", "google.com/starry night"], ["LIMIT", 1]]
  ↳ db/seeds.rb:17
  [1m[36mArtwork Exists (0.2ms)[0m  [1m[34mSELECT  1 AS one FROM "artworks" WHERE "artworks"."title" = $1 AND "artworks"."artist_id" = $2 LIMIT $3[0m  [["title", "Starry Night"], ["artist_id", 7], ["LIMIT", 1]]
  ↳ db/seeds.rb:17
  [1m[36mUser Load (0.2ms)[0m  [1m[34mSELECT  "users".* FROM "users" WHERE "users"."id" = $1 LIMIT $2[0m  [["id", 7], ["LIMIT", 1]]
  ↳ db/seeds.rb:17
  [1m[36mArtwork Create (0.2ms)[0m  [1m[32mINSERT INTO "artworks" ("title", "image_url", "artist_id", "created_at", "updated_at") VALUES ($1, $2, $3, $4, $5) RETURNING "id"[0m  [["title", "Starry Night"], ["image_url", "google.com/starry night"], ["artist_id", 7], ["created_at", "2023-02-06 01:01:33.074227"], ["updated_at", "2023-02-06 01:01:33.074227"]]
  ↳ db/seeds.rb:17
  [1m[35m (0.4ms)[0m  [1m[35mCOMMIT[0m
  ↳ db/seeds.rb:17
  [1m[35m (0.1ms)[0m  [1m[35mBEGIN[0m
  ↳ db/seeds.rb:19
  [1m[36mArtworkShare Exists (0.3ms)[0m  [1m[34mSELECT  1 AS one FROM "artwork_shares" WHERE "artwork_shares"."artwork_id" = $1 AND "artwork_shares"."viewer_id" = $2 LIMIT $3[0m  [["artwork_id", 2], ["viewer_id", 7], ["LIMIT", 1]]
  ↳ db/seeds.rb:19
  [1m[36mArtwork Load (0.2ms)[0m  [1m[34mSELECT  "artworks".* FROM "artworks" WHERE "artworks"."id" = $1 LIMIT $2[0m  [["id", 2], ["LIMIT", 1]]
  ↳ db/seeds.rb:19
  [1m[36mUser Load (0.2ms)[0m  [1m[34mSELECT  "users".* FROM "users" WHERE "users"."id" = $1 LIMIT $2[0m  [["id", 7], ["LIMIT", 1]]
  ↳ db/seeds.rb:19
  [1m[36mArtworkShare Create (0.6ms)[0m  [1m[32mINSERT INTO "artwork_shares" ("artwork_id", "viewer_id", "created_at", "updated_at") VALUES ($1, $2, $3, $4) RETURNING "id"[0m  [["artwork_id", 2], ["viewer_id", 7], ["created_at", "2023-02-06 01:01:33.087556"], ["updated_at", "2023-02-06 01:01:33.087556"]]
  ↳ db/seeds.rb:19
  [1m[35m (0.4ms)[0m  [1m[35mCOMMIT[0m
  ↳ db/seeds.rb:19
  [1m[35m (0.1ms)[0m  [1m[35mBEGIN[0m
  ↳ db/seeds.rb:20
  [1m[36mArtworkShare Exists (0.2ms)[0m  [1m[34mSELECT  1 AS one FROM "artwork_shares" WHERE "artwork_shares"."artwork_id" = $1 AND "artwork_shares"."viewer_id" = $2 LIMIT $3[0m  [["artwork_id", 3], ["viewer_id", 7], ["LIMIT", 1]]
  ↳ db/seeds.rb:20
  [1m[36mArtwork Load (0.2ms)[0m  [1m[34mSELECT  "artworks".* FROM "artworks" WHERE "artworks"."id" = $1 LIMIT $2[0m  [["id", 3], ["LIMIT", 1]]
  ↳ db/seeds.rb:20
  [1m[36mUser Load (0.2ms)[0m  [1m[34mSELECT  "users".* FROM "users" WHERE "users"."id" = $1 LIMIT $2[0m  [["id", 7], ["LIMIT", 1]]
  ↳ db/seeds.rb:20
  [1m[36mArtworkShare Create (0.2ms)[0m  [1m[32mINSERT INTO "artwork_shares" ("artwork_id", "viewer_id", "created_at", "updated_at") VALUES ($1, $2, $3, $4) RETURNING "id"[0m  [["artwork_id", 3], ["viewer_id", 7], ["created_at", "2023-02-06 01:01:33.092290"], ["updated_at", "2023-02-06 01:01:33.092290"]]
  ↳ db/seeds.rb:20
  [1m[35m (0.3ms)[0m  [1m[35mCOMMIT[0m
  ↳ db/seeds.rb:20
  [1m[36mUser Load (0.6ms)[0m  [1m[34mSELECT "users".* FROM "users"[0m
  [1m[36mArtworkShare Load (0.8ms)[0m  [1m[34mSELECT "artwork_shares".* FROM "artwork_shares"[0m
  [1m[36mUser Load (0.3ms)[0m  [1m[34mSELECT  "users".* FROM "users" ORDER BY "users"."id" DESC LIMIT $1[0m  [["LIMIT", 1]]
  [1m[36mArtwork Load (0.6ms)[0m  [1m[34mSELECT "artworks".* FROM "artworks" WHERE "artworks"."artist_id" = $1[0m  [["artist_id", 7]]
  [1m[36mUser Load (0.3ms)[0m  [1m[34mSELECT  "users".* FROM "users" ORDER BY "users"."id" DESC LIMIT $1[0m  [["LIMIT", 1]]
  [1m[36mArtworkShare Load (0.4ms)[0m  [1m[34mSELECT "artwork_shares".* FROM "artwork_shares" WHERE "artwork_shares"."viewer_id" = $1[0m  [["viewer_id", 7]]
  [1m[36mUser Load (0.3ms)[0m  [1m[34mSELECT  "users".* FROM "users" ORDER BY "users"."id" DESC LIMIT $1[0m  [["LIMIT", 1]]
  [1m[36mArtwork Load (0.5ms)[0m  [1m[34mSELECT "artworks".* FROM "artworks" INNER JOIN "artwork_shares" ON "artworks"."id" = "artwork_shares"."artwork_id" WHERE "artwork_shares"."viewer_id" = $1[0m  [["viewer_id", 7]]
  [1m[36mUser Load (0.3ms)[0m  [1m[34mSELECT  "users".* FROM "users" ORDER BY "users"."id" ASC LIMIT $1[0m  [["LIMIT", 1]]
  [1m[36mArtwork Load (0.3ms)[0m  [1m[34mSELECT "artworks".* FROM "artworks" INNER JOIN "artwork_shares" ON "artworks"."id" = "artwork_shares"."artwork_id" WHERE "artwork_shares"."viewer_id" = $1[0m  [["viewer_id", 6]]
  [1m[36mArtwork Load (0.3ms)[0m  [1m[34mSELECT  "artworks".* FROM "artworks" ORDER BY "artworks"."id" ASC LIMIT $1[0m  [["LIMIT", 1]]
  [1m[36mArtwork Load (0.3ms)[0m  [1m[34mSELECT  "artworks".* FROM "artworks" ORDER BY "artworks"."id" ASC LIMIT $1[0m  [["LIMIT", 1]]
  [1m[36mArtwork Load (0.3ms)[0m  [1m[34mSELECT  "artworks".* FROM "artworks" ORDER BY "artworks"."id" ASC LIMIT $1[0m  [["LIMIT", 1]]
  [1m[36mArtwork Load (0.2ms)[0m  [1m[34mSELECT  "artworks".* FROM "artworks" ORDER BY "artworks"."id" ASC LIMIT $1[0m  [["LIMIT", 1]]
  [1m[36mUser Load (0.4ms)[0m  [1m[34mSELECT "users".* FROM "users" INNER JOIN "artwork_shares" ON "users"."id" = "artwork_shares"."viewer_id" WHERE "artwork_shares"."artwork_id" = $1[0m  [["artwork_id", 2]]
  [1m[36mArtwork Load (1.5ms)[0m  [1m[34mSELECT "artworks".* FROM "artworks"[0m
Started GET "/artworks" for ::1 at 2023-02-07 15:51:40 -0500
  [1m[35m (1.0ms)[0m  [1m[34mSELECT "schema_migrations"."version" FROM "schema_migrations" ORDER BY "schema_migrations"."version" ASC[0m
  ↳ /Users/umarbin/.rbenv/versions/2.5.1/lib/ruby/gems/2.5.0/gems/activerecord-5.2.8.1/lib/active_record/log_subscriber.rb:98
Processing by ArtworksController#index as */*
  Parameters: {"user"=>{"email"=>"toemilyy@yahoo.com"}}
  [1m[36mArtwork Load (0.6ms)[0m  [1m[34mSELECT "artworks".* FROM "artworks"[0m
  ↳ app/controllers/artworks_controller.rb:3
Completed 200 OK in 21ms (Views: 6.1ms | ActiveRecord: 4.0ms)


Started GET "/artworks/2" for ::1 at 2023-02-07 15:51:54 -0500
Processing by ArtworksController#show as */*
  Parameters: {"user"=>{"email"=>"toemilyy@yahoo.com"}, "id"=>"2"}
  [1m[36mArtwork Load (0.2ms)[0m  [1m[34mSELECT  "artworks".* FROM "artworks" WHERE "artworks"."id" = $1 LIMIT $2[0m  [["id", 2], ["LIMIT", 1]]
  ↳ app/controllers/artworks_controller.rb:7
Completed 200 OK in 4ms (Views: 0.3ms | ActiveRecord: 0.4ms)


  [1m[36mUser Load (0.6ms)[0m  [1m[34mSELECT "users".* FROM "users"[0m
Started POST "/artworks?artwork[title]=The%20Last%20Supper&artwork[image_url]=google.com/thelastsupper&artwork[artist_id]=6" for ::1 at 2023-02-07 15:57:36 -0500
Processing by ArtworksController#create as */*
  Parameters: {"user"=>{"email"=>"toemilyy@yahoo.com"}, "artwork"=>{"title"=>"The Last Supper", "image_url"=>"google.com/thelastsupper", "artist_id"=>"6"}}
Unpermitted parameters: :user, :artwork
Completed 500 Internal Server Error in 3ms (ActiveRecord: 0.0ms)



ArgumentError - wrong number of arguments (given 3, expected 1):
  app/controllers/artworks_controller.rb:27:in `artwork_params'
  app/controllers/artworks_controller.rb:16:in `create'

Started POST "/artworks?artwork[title]=The%20Last%20Supper&artwork[image_url]=google.com/thelastsupper&artwork[artist_id]=6" for ::1 at 2023-02-07 15:58:28 -0500
Processing by ArtworksController#create as */*
  Parameters: {"user"=>{"email"=>"toemilyy@yahoo.com"}, "artwork"=>{"title"=>"The Last Supper", "image_url"=>"google.com/thelastsupper", "artist_id"=>"6"}}
  [1m[35m (0.1ms)[0m  [1m[35mBEGIN[0m
  ↳ app/controllers/artworks_controller.rb:17
  [1m[36mArtwork Exists (0.3ms)[0m  [1m[34mSELECT  1 AS one FROM "artworks" WHERE "artworks"."image_url" = $1 LIMIT $2[0m  [["image_url", "google.com/thelastsupper"], ["LIMIT", 1]]
  ↳ app/controllers/artworks_controller.rb:17
  [1m[36mArtwork Exists (1.3ms)[0m  [1m[34mSELECT  1 AS one FROM "artworks" WHERE "artworks"."title" = $1 AND "artworks"."artist_id" = $2 LIMIT $3[0m  [["title", "The Last Supper"], ["artist_id", 6], ["LIMIT", 1]]
  ↳ app/controllers/artworks_controller.rb:17
  [1m[36mUser Load (0.3ms)[0m  [1m[34mSELECT  "users".* FROM "users" WHERE "users"."id" = $1 LIMIT $2[0m  [["id", 6], ["LIMIT", 1]]
  ↳ app/controllers/artworks_controller.rb:17
  [1m[36mArtwork Create (3.0ms)[0m  [1m[32mINSERT INTO "artworks" ("title", "image_url", "artist_id", "created_at", "updated_at") VALUES ($1, $2, $3, $4, $5) RETURNING "id"[0m  [["title", "The Last Supper"], ["image_url", "google.com/thelastsupper"], ["artist_id", 6], ["created_at", "2023-02-07 20:58:28.135153"], ["updated_at", "2023-02-07 20:58:28.135153"]]
  ↳ app/controllers/artworks_controller.rb:17
  [1m[35m (1.1ms)[0m  [1m[35mCOMMIT[0m
  ↳ app/controllers/artworks_controller.rb:17
Completed 200 OK in 48ms (Views: 0.4ms | ActiveRecord: 10.4ms)


Started PATCH "/artwork" for ::1 at 2023-02-07 16:00:54 -0500
  
ActionController::RoutingError (No route matches [PATCH] "/artwork"):
  
actionpack (5.2.8.1) lib/action_dispatch/middleware/debug_exceptions.rb:65:in `call'
web-console (3.7.0) lib/web_console/middleware.rb:135:in `call_app'
web-console (3.7.0) lib/web_console/middleware.rb:30:in `block in call'
web-console (3.7.0) lib/web_console/middleware.rb:20:in `catch'
web-console (3.7.0) lib/web_console/middleware.rb:20:in `call'
actionpack (5.2.8.1) lib/action_dispatch/middleware/show_exceptions.rb:33:in `call'
railties (5.2.8.1) lib/rails/rack/logger.rb:38:in `call_app'
railties (5.2.8.1) lib/rails/rack/logger.rb:26:in `block in call'
activesupport (5.2.8.1) lib/active_support/tagged_logging.rb:71:in `block in tagged'
activesupport (5.2.8.1) lib/active_support/tagged_logging.rb:28:in `tagged'
activesupport (5.2.8.1) lib/active_support/tagged_logging.rb:71:in `tagged'
railties (5.2.8.1) lib/rails/rack/logger.rb:26:in `call'
sprockets-rails (3.4.2) lib/sprockets/rails/quiet_assets.rb:13:in `call'
actionpack (5.2.8.1) lib/action_dispatch/middleware/remote_ip.rb:81:in `call'
actionpack (5.2.8.1) lib/action_dispatch/middleware/request_id.rb:27:in `call'
rack (2.2.6.2) lib/rack/method_override.rb:24:in `call'
rack (2.2.6.2) lib/rack/runtime.rb:22:in `call'
activesupport (5.2.8.1) lib/active_support/cache/strategy/local_cache_middleware.rb:29:in `call'
actionpack (5.2.8.1) lib/action_dispatch/middleware/executor.rb:14:in `call'
actionpack (5.2.8.1) lib/action_dispatch/middleware/static.rb:127:in `call'
rack (2.2.6.2) lib/rack/sendfile.rb:110:in `call'
railties (5.2.8.1) lib/rails/engine.rb:524:in `call'
puma (3.12.6) lib/puma/configuration.rb:227:in `call'
puma (3.12.6) lib/puma/server.rb:706:in `handle_request'
puma (3.12.6) lib/puma/server.rb:476:in `process_client'
puma (3.12.6) lib/puma/server.rb:334:in `block in run'
puma (3.12.6) lib/puma/thread_pool.rb:135:in `block in spawn_thread'
  [1m[36mArtwork Load (0.3ms)[0m  [1m[34mSELECT "artworks".* FROM "artworks"[0m
Started PATCH "/artwork/4" for ::1 at 2023-02-07 16:04:34 -0500
  
ActionController::RoutingError (No route matches [PATCH] "/artwork/4"):
  
actionpack (5.2.8.1) lib/action_dispatch/middleware/debug_exceptions.rb:65:in `call'
web-console (3.7.0) lib/web_console/middleware.rb:135:in `call_app'
web-console (3.7.0) lib/web_console/middleware.rb:30:in `block in call'
web-console (3.7.0) lib/web_console/middleware.rb:20:in `catch'
web-console (3.7.0) lib/web_console/middleware.rb:20:in `call'
actionpack (5.2.8.1) lib/action_dispatch/middleware/show_exceptions.rb:33:in `call'
railties (5.2.8.1) lib/rails/rack/logger.rb:38:in `call_app'
railties (5.2.8.1) lib/rails/rack/logger.rb:26:in `block in call'
activesupport (5.2.8.1) lib/active_support/tagged_logging.rb:71:in `block in tagged'
activesupport (5.2.8.1) lib/active_support/tagged_logging.rb:28:in `tagged'
activesupport (5.2.8.1) lib/active_support/tagged_logging.rb:71:in `tagged'
railties (5.2.8.1) lib/rails/rack/logger.rb:26:in `call'
sprockets-rails (3.4.2) lib/sprockets/rails/quiet_assets.rb:13:in `call'
actionpack (5.2.8.1) lib/action_dispatch/middleware/remote_ip.rb:81:in `call'
actionpack (5.2.8.1) lib/action_dispatch/middleware/request_id.rb:27:in `call'
rack (2.2.6.2) lib/rack/method_override.rb:24:in `call'
rack (2.2.6.2) lib/rack/runtime.rb:22:in `call'
activesupport (5.2.8.1) lib/active_support/cache/strategy/local_cache_middleware.rb:29:in `call'
actionpack (5.2.8.1) lib/action_dispatch/middleware/executor.rb:14:in `call'
actionpack (5.2.8.1) lib/action_dispatch/middleware/static.rb:127:in `call'
rack (2.2.6.2) lib/rack/sendfile.rb:110:in `call'
railties (5.2.8.1) lib/rails/engine.rb:524:in `call'
puma (3.12.6) lib/puma/configuration.rb:227:in `call'
puma (3.12.6) lib/puma/server.rb:706:in `handle_request'
puma (3.12.6) lib/puma/server.rb:476:in `process_client'
puma (3.12.6) lib/puma/server.rb:334:in `block in run'
puma (3.12.6) lib/puma/thread_pool.rb:135:in `block in spawn_thread'
Started PATCH "/artworks/4" for ::1 at 2023-02-07 16:05:44 -0500
Processing by ArtworksController#update as */*
  Parameters: {"artwork"=>{"artist_id"=>"7"}, "id"=>"4"}
  [1m[36mArtwork Load (0.2ms)[0m  [1m[34mSELECT  "artworks".* FROM "artworks" WHERE "artworks"."id" = $1 LIMIT $2[0m  [["id", 4], ["LIMIT", 1]]
  ↳ app/controllers/artworks_controller.rb:25
  [1m[35m (0.1ms)[0m  [1m[35mBEGIN[0m
  ↳ app/controllers/artworks_controller.rb:26
  [1m[36mArtwork Exists (0.2ms)[0m  [1m[34mSELECT  1 AS one FROM "artworks" WHERE "artworks"."image_url" = $1 AND "artworks"."id" != $2 LIMIT $3[0m  [["image_url", "google.com/thelastsupper"], ["id", 4], ["LIMIT", 1]]
  ↳ app/controllers/artworks_controller.rb:26
  [1m[36mArtwork Exists (0.2ms)[0m  [1m[34mSELECT  1 AS one FROM "artworks" WHERE "artworks"."title" = $1 AND "artworks"."id" != $2 AND "artworks"."artist_id" = $3 LIMIT $4[0m  [["title", "The Last Supper"], ["id", 4], ["artist_id", 7], ["LIMIT", 1]]
  ↳ app/controllers/artworks_controller.rb:26
  [1m[36mUser Load (0.2ms)[0m  [1m[34mSELECT  "users".* FROM "users" WHERE "users"."id" = $1 LIMIT $2[0m  [["id", 7], ["LIMIT", 1]]
  ↳ app/controllers/artworks_controller.rb:26
  [1m[36mArtwork Update (1.6ms)[0m  [1m[33mUPDATE "artworks" SET "artist_id" = $1, "updated_at" = $2 WHERE "artworks"."id" = $3[0m  [["artist_id", 7], ["updated_at", "2023-02-07 21:05:44.166524"], ["id", 4]]
  ↳ app/controllers/artworks_controller.rb:26
  [1m[35m (0.4ms)[0m  [1m[35mCOMMIT[0m
  ↳ app/controllers/artworks_controller.rb:26
Completed 200 OK in 25ms (Views: 0.3ms | ActiveRecord: 7.2ms)


Started DELETE "/artworks/4" for ::1 at 2023-02-07 16:07:13 -0500
Processing by ArtworksController#destroy as */*
  Parameters: {"artwork"=>{"artist_id"=>"7"}, "id"=>"4"}
  [1m[36mArtwork Load (0.2ms)[0m  [1m[34mSELECT  "artworks".* FROM "artworks" WHERE "artworks"."id" = $1 LIMIT $2[0m  [["id", 4], ["LIMIT", 1]]
  ↳ app/controllers/artworks_controller.rb:34
  [1m[35m (0.1ms)[0m  [1m[35mBEGIN[0m
  ↳ app/controllers/artworks_controller.rb:35
  [1m[36mArtwork Destroy (0.3ms)[0m  [1m[31mDELETE FROM "artworks" WHERE "artworks"."id" = $1[0m  [["id", 4]]
  ↳ app/controllers/artworks_controller.rb:35
  [1m[35m (0.5ms)[0m  [1m[35mCOMMIT[0m
  ↳ app/controllers/artworks_controller.rb:35
Completed 200 OK in 13ms (Views: 0.4ms | ActiveRecord: 3.9ms)


Started GET "/artworks" for ::1 at 2023-02-07 16:07:21 -0500
Processing by ArtworksController#index as */*
  Parameters: {"artwork"=>{"artist_id"=>"7"}}
  [1m[36mArtwork Load (0.2ms)[0m  [1m[34mSELECT "artworks".* FROM "artworks"[0m
  ↳ app/controllers/artworks_controller.rb:3
Completed 200 OK in 2ms (Views: 1.0ms | ActiveRecord: 0.2ms)


Started GET "/artwork_shares" for ::1 at 2023-02-07 16:13:26 -0500
  
ActionController::RoutingError (No route matches [GET] "/artwork_shares"):
  
actionpack (5.2.8.1) lib/action_dispatch/middleware/debug_exceptions.rb:65:in `call'
web-console (3.7.0) lib/web_console/middleware.rb:135:in `call_app'
web-console (3.7.0) lib/web_console/middleware.rb:30:in `block in call'
web-console (3.7.0) lib/web_console/middleware.rb:20:in `catch'
web-console (3.7.0) lib/web_console/middleware.rb:20:in `call'
actionpack (5.2.8.1) lib/action_dispatch/middleware/show_exceptions.rb:33:in `call'
railties (5.2.8.1) lib/rails/rack/logger.rb:38:in `call_app'
railties (5.2.8.1) lib/rails/rack/logger.rb:26:in `block in call'
activesupport (5.2.8.1) lib/active_support/tagged_logging.rb:71:in `block in tagged'
activesupport (5.2.8.1) lib/active_support/tagged_logging.rb:28:in `tagged'
activesupport (5.2.8.1) lib/active_support/tagged_logging.rb:71:in `tagged'
railties (5.2.8.1) lib/rails/rack/logger.rb:26:in `call'
sprockets-rails (3.4.2) lib/sprockets/rails/quiet_assets.rb:13:in `call'
actionpack (5.2.8.1) lib/action_dispatch/middleware/remote_ip.rb:81:in `call'
actionpack (5.2.8.1) lib/action_dispatch/middleware/request_id.rb:27:in `call'
rack (2.2.6.2) lib/rack/method_override.rb:24:in `call'
rack (2.2.6.2) lib/rack/runtime.rb:22:in `call'
activesupport (5.2.8.1) lib/active_support/cache/strategy/local_cache_middleware.rb:29:in `call'
actionpack (5.2.8.1) lib/action_dispatch/middleware/executor.rb:14:in `call'
actionpack (5.2.8.1) lib/action_dispatch/middleware/static.rb:127:in `call'
rack (2.2.6.2) lib/rack/sendfile.rb:110:in `call'
railties (5.2.8.1) lib/rails/engine.rb:524:in `call'
puma (3.12.6) lib/puma/configuration.rb:227:in `call'
puma (3.12.6) lib/puma/server.rb:706:in `handle_request'
puma (3.12.6) lib/puma/server.rb:476:in `process_client'
puma (3.12.6) lib/puma/server.rb:334:in `block in run'
puma (3.12.6) lib/puma/thread_pool.rb:135:in `block in spawn_thread'
  [1m[36mArtworkShare Load (0.7ms)[0m  [1m[34mSELECT "artwork_shares".* FROM "artwork_shares"[0m
  [1m[36mArtwork Load (0.2ms)[0m  [1m[34mSELECT "artworks".* FROM "artworks"[0m
Started POST "/artwork_shares?artwork_share[artwork_id]=3&artwork_share[viewer_id]=6" for ::1 at 2023-02-07 16:18:56 -0500
Processing by ArtworkSharesController#create as */*
  Parameters: {"artwork_share"=>{"artwork_id"=>"3", "viewer_id"=>"6"}}
  [1m[35m (0.1ms)[0m  [1m[35mBEGIN[0m
  ↳ app/controllers/artwork_shares_controller.rb:4
  [1m[36mArtworkShare Exists (0.5ms)[0m  [1m[34mSELECT  1 AS one FROM "artwork_shares" WHERE "artwork_shares"."artwork_id" = $1 AND "artwork_shares"."viewer_id" = $2 LIMIT $3[0m  [["artwork_id", 3], ["viewer_id", 6], ["LIMIT", 1]]
  ↳ app/controllers/artwork_shares_controller.rb:4
  [1m[36mArtwork Load (0.4ms)[0m  [1m[34mSELECT  "artworks".* FROM "artworks" WHERE "artworks"."id" = $1 LIMIT $2[0m  [["id", 3], ["LIMIT", 1]]
  ↳ app/controllers/artwork_shares_controller.rb:4
  [1m[36mUser Load (0.3ms)[0m  [1m[34mSELECT  "users".* FROM "users" WHERE "users"."id" = $1 LIMIT $2[0m  [["id", 6], ["LIMIT", 1]]
  ↳ app/controllers/artwork_shares_controller.rb:4
  [1m[36mArtworkShare Create (0.4ms)[0m  [1m[32mINSERT INTO "artwork_shares" ("artwork_id", "viewer_id", "created_at", "updated_at") VALUES ($1, $2, $3, $4) RETURNING "id"[0m  [["artwork_id", 3], ["viewer_id", 6], ["created_at", "2023-02-07 21:18:56.311724"], ["updated_at", "2023-02-07 21:18:56.311724"]]
  ↳ app/controllers/artwork_shares_controller.rb:4
  [1m[35m (1.4ms)[0m  [1m[35mCOMMIT[0m
  ↳ app/controllers/artwork_shares_controller.rb:4
Completed 201 Created in 36ms (Views: 0.4ms | ActiveRecord: 12.0ms)


Started DELETE "/artwork_shares/3" for ::1 at 2023-02-07 16:32:38 -0500

SyntaxError - syntax error, unexpected ',', expecting '('
...rtwork_shares, only: [:create., :destroy]
...                              ^:
  config/routes.rb:17:in `'

Started DELETE "/artwork_shares/3" for ::1 at 2023-02-07 16:32:48 -0500
Processing by ArtworkSharesController#destroy as */*
  Parameters: {"artwork_share"=>{"artwork_id"=>"", "viewer_id"=>""}, "id"=>"3"}
  [1m[36mArtworkShare Load (0.4ms)[0m  [1m[34mSELECT  "artwork_shares".* FROM "artwork_shares" WHERE "artwork_shares"."id" = $1 LIMIT $2[0m  [["id", 3], ["LIMIT", 1]]
  ↳ app/controllers/artwork_shares_controller.rb:12
  [1m[35m (0.1ms)[0m  [1m[35mBEGIN[0m
  ↳ app/controllers/artwork_shares_controller.rb:13
  [1m[36mArtworkShare Destroy (0.3ms)[0m  [1m[31mDELETE FROM "artwork_shares" WHERE "artwork_shares"."id" = $1[0m  [["id", 3]]
  ↳ app/controllers/artwork_shares_controller.rb:13
  [1m[35m (1.0ms)[0m  [1m[35mCOMMIT[0m
  ↳ app/controllers/artwork_shares_controller.rb:13
Completed 200 OK in 17ms (Views: 0.3ms | ActiveRecord: 9.0ms)


Started GET "/artwork_shares" for ::1 at 2023-02-07 16:32:56 -0500
  
ActionController::RoutingError (No route matches [GET] "/artwork_shares"):
  
actionpack (5.2.8.1) lib/action_dispatch/middleware/debug_exceptions.rb:65:in `call'
web-console (3.7.0) lib/web_console/middleware.rb:135:in `call_app'
web-console (3.7.0) lib/web_console/middleware.rb:30:in `block in call'
web-console (3.7.0) lib/web_console/middleware.rb:20:in `catch'
web-console (3.7.0) lib/web_console/middleware.rb:20:in `call'
actionpack (5.2.8.1) lib/action_dispatch/middleware/show_exceptions.rb:33:in `call'
railties (5.2.8.1) lib/rails/rack/logger.rb:38:in `call_app'
railties (5.2.8.1) lib/rails/rack/logger.rb:26:in `block in call'
activesupport (5.2.8.1) lib/active_support/tagged_logging.rb:71:in `block in tagged'
activesupport (5.2.8.1) lib/active_support/tagged_logging.rb:28:in `tagged'
activesupport (5.2.8.1) lib/active_support/tagged_logging.rb:71:in `tagged'
railties (5.2.8.1) lib/rails/rack/logger.rb:26:in `call'
sprockets-rails (3.4.2) lib/sprockets/rails/quiet_assets.rb:13:in `call'
actionpack (5.2.8.1) lib/action_dispatch/middleware/remote_ip.rb:81:in `call'
actionpack (5.2.8.1) lib/action_dispatch/middleware/request_id.rb:27:in `call'
rack (2.2.6.2) lib/rack/method_override.rb:24:in `call'
rack (2.2.6.2) lib/rack/runtime.rb:22:in `call'
activesupport (5.2.8.1) lib/active_support/cache/strategy/local_cache_middleware.rb:29:in `call'
actionpack (5.2.8.1) lib/action_dispatch/middleware/executor.rb:14:in `call'
actionpack (5.2.8.1) lib/action_dispatch/middleware/static.rb:127:in `call'
rack (2.2.6.2) lib/rack/sendfile.rb:110:in `call'
railties (5.2.8.1) lib/rails/engine.rb:524:in `call'
puma (3.12.6) lib/puma/configuration.rb:227:in `call'
puma (3.12.6) lib/puma/server.rb:706:in `handle_request'
puma (3.12.6) lib/puma/server.rb:476:in `process_client'
puma (3.12.6) lib/puma/server.rb:334:in `block in run'
puma (3.12.6) lib/puma/thread_pool.rb:135:in `block in spawn_thread'
Started POST "/artwork_shares" for ::1 at 2023-02-07 16:34:01 -0500
Processing by ArtworkSharesController#create as */*
  Parameters: {"artwork_share"=>{"artwork_id"=>"3", "viewer_id"=>"7"}}
  [1m[35m (0.1ms)[0m  [1m[35mBEGIN[0m
  ↳ app/controllers/artwork_shares_controller.rb:4
  [1m[36mArtworkShare Exists (1.4ms)[0m  [1m[34mSELECT  1 AS one FROM "artwork_shares" WHERE "artwork_shares"."artwork_id" = $1 AND "artwork_shares"."viewer_id" = $2 LIMIT $3[0m  [["artwork_id", 3], ["viewer_id", 7], ["LIMIT", 1]]
  ↳ app/controllers/artwork_shares_controller.rb:4
  [1m[36mArtwork Load (0.5ms)[0m  [1m[34mSELECT  "artworks".* FROM "artworks" WHERE "artworks"."id" = $1 LIMIT $2[0m  [["id", 3], ["LIMIT", 1]]
  ↳ app/controllers/artwork_shares_controller.rb:4
  [1m[36mUser Load (0.3ms)[0m  [1m[34mSELECT  "users".* FROM "users" WHERE "users"."id" = $1 LIMIT $2[0m  [["id", 7], ["LIMIT", 1]]
  ↳ app/controllers/artwork_shares_controller.rb:4
  [1m[35m (0.1ms)[0m  [1m[31mROLLBACK[0m
  ↳ app/controllers/artwork_shares_controller.rb:4
Completed 422 Unprocessable Entity in 28ms (ActiveRecord: 6.6ms)



ActiveRecord::RecordInvalid - Validation failed: Artwork A user cannot have a single Artwork shared with them more than once:
  app/controllers/artwork_shares_controller.rb:4:in `create'

